<?xml version="1.0" encoding="UTF-8"?>
<!-- Generated by org.testng.reporters.JUnitReportReporter -->
<testsuite skipped="0" hostname="SANTOSH-PC" name="test1.tc1Test" tests="1" failures="0" timestamp="07 Jun 2019 06:03:38 GMT" time="11.402" errors="0">
  <testcase name="test1" time="11.402" classname="test1.tc1Test"/>
</testsuite> <!-- test1.tc1Test -->
