<?xml version="1.0" encoding="UTF-8"?>
<!-- Generated by org.testng.reporters.JUnitReportReporter -->
<testsuite skipped="0" hostname="SANTOSH-PC" name="test1.tc1Test" tests="1" failures="0" timestamp="06 Jun 2019 12:37:10 GMT" time="10.904" errors="0">
  <testcase name="test1" time="10.904" classname="test1.tc1Test"/>
</testsuite> <!-- test1.tc1Test -->
